<?xml version="1.0" encoding="UTF-8"?>
<!-- Generated by org.testng.reporters.JUnitReportReporter -->
<testsuite hostname="Amits-MacBook-Air.local" failures="0" tests="3" name="runner.TestRunner" time="49.299" errors="0" timestamp="2024-03-25T04:29:08 IST" skipped="0">
  <testcase classname="runner.TestRunner" name="runScenario" time="16.230"/>
  <testcase classname="runner.TestRunner" name="runScenario" time="16.603"/>
  <testcase classname="runner.TestRunner" name="runScenario" time="16.466"/>
</testsuite> <!-- runner.TestRunner -->
