<?xml version="1.0" encoding="UTF-8"?>
<!-- Generated by org.testng.reporters.JUnitReportReporter -->
<testsuite hostname="Amits-MacBook-Air.local" failures="0" tests="2" name="runner.TestRunner" time="26.879" errors="0" timestamp="2024-03-28T21:02:04 IST" skipped="0">
  <testcase classname="runner.TestRunner" name="runScenario" time="13.450"/>
  <testcase classname="runner.TestRunner" name="runScenario" time="13.429"/>
</testsuite> <!-- runner.TestRunner -->
