<?xml version="1.0" encoding="UTF-8"?>
<!-- Generated by org.testng.reporters.JUnitReportReporter -->
<testsuite hostname="Amits-MacBook-Air.local" failures="0" tests="3" name="runner.TestRunner" time="25.131" errors="0" timestamp="2024-03-26T16:53:41 IST" skipped="0">
  <testcase classname="runner.TestRunner" name="runScenario" time="8.361"/>
  <testcase classname="runner.TestRunner" name="runScenario" time="8.409"/>
  <testcase classname="runner.TestRunner" name="runScenario" time="8.361"/>
</testsuite> <!-- runner.TestRunner -->
